Release 14.7 - xst P.20131013 (nt64)
Copyright (c) 1995-2013 Xilinx, Inc.  All rights reserved.
--> Parameter TMPDIR set to xst/projnav.tmp


Total REAL time to Xst completion: 0.00 secs
Total CPU time to Xst completion: 0.12 secs
 
--> Parameter xsthdpdir set to xst


Total REAL time to Xst completion: 0.00 secs
Total CPU time to Xst completion: 0.12 secs
 
--> Reading design: top.prj

TABLE OF CONTENTS
  1) Synthesis Options Summary
  2) HDL Compilation
  3) Design Hierarchy Analysis
  4) HDL Analysis
  5) HDL Synthesis
     5.1) HDL Synthesis Report
  6) Advanced HDL Synthesis
     6.1) Advanced HDL Synthesis Report
  7) Low Level Synthesis
  8) Partition Report
  9) Final Report

=========================================================================
*                      Synthesis Options Summary                        *
=========================================================================
---- Source Parameters
Input File Name                    : "top.prj"
Input Format                       : mixed
Ignore Synthesis Constraint File   : NO

---- Target Parameters
Output File Name                   : "top"
Output Format                      : NGC
Target Device                      : CoolRunner2 CPLDs

---- Source Options
Top Module Name                    : top
Automatic FSM Extraction           : YES
FSM Encoding Algorithm             : Auto
Safe Implementation                : No
Mux Extraction                     : Yes
Resource Sharing                   : YES

---- Target Options
Add IO Buffers                     : YES
MACRO Preserve                     : YES
XOR Preserve                       : YES
Equivalent register Removal        : YES

---- General Options
Optimization Goal                  : Speed
Optimization Effort                : 1
Keep Hierarchy                     : Yes
Netlist Hierarchy                  : As_Optimized
RTL Output                         : Yes
Hierarchy Separator                : /
Bus Delimiter                      : <>
Case Specifier                     : Maintain
Verilog 2001                       : YES

---- Other Options
Clock Enable                       : YES
wysiwyg                            : NO

=========================================================================


=========================================================================
*                          HDL Compilation                              *
=========================================================================
Compiling vhdl file "C:/Users/MariferHQ/Desktop/2D/Labs/Prtyec1/ProyectFiles/clock_enable.vhd" in Library work.
Architecture behavioral of Entity clock_enable is up to date.
Compiling vhdl file "C:/Users/MariferHQ/Desktop/2D/Labs/Prtyec1/ProyectFiles/QDEC.vhd" in Library work.
Architecture structure of Entity qdec is up to date.
Compiling vhdl file "C:/Users/MariferHQ/Desktop/2D/Labs/Prtyec1/ProyectFiles/binary_cnt.vhd" in Library work.
Architecture behavioral of Entity binary_cnt is up to date.
Compiling vhdl file "C:/Users/MariferHQ/Desktop/2D/Labs/Prtyec1/ProyectFiles/hex_to_7seg.vhd" in Library work.
Architecture behavioral of Entity hex_to_7seg is up to date.
Compiling vhdl file "C:/Users/MariferHQ/Desktop/2D/Labs/Prtyec1/ProyectFiles/top.vhd" in Library work.
ERROR:HDLParsers:3312 - "C:/Users/MariferHQ/Desktop/2D/Labs/Prtyec1/ProyectFiles/top.vhd" Line 36. Undefined symbol 'g_NBIT'.
ERROR:HDLParsers:1209 - "C:/Users/MariferHQ/Desktop/2D/Labs/Prtyec1/ProyectFiles/top.vhd" Line 36. g_NBIT: Undefined symbol (last report in this block)
ERROR:HDLParsers:3312 - "C:/Users/MariferHQ/Desktop/2D/Labs/Prtyec1/ProyectFiles/top.vhd" Line 80. Undefined symbol 'B'.
ERROR:HDLParsers:1209 - "C:/Users/MariferHQ/Desktop/2D/Labs/Prtyec1/ProyectFiles/top.vhd" Line 80. B: Undefined symbol (last report in this block)
ERROR:HDLParsers:3312 - "C:/Users/MariferHQ/Desktop/2D/Labs/Prtyec1/ProyectFiles/top.vhd" Line 81. Undefined symbol 'A'.
ERROR:HDLParsers:1209 - "C:/Users/MariferHQ/Desktop/2D/Labs/Prtyec1/ProyectFiles/top.vhd" Line 81. A: Undefined symbol (last report in this block)
ERROR:HDLParsers:164 - "C:/Users/MariferHQ/Desktop/2D/Labs/Prtyec1/ProyectFiles/top.vhd" Line 85. parse error, unexpected CLOSEPAR
--> 

Total memory usage is 4462080 kilobytes

Number of errors   :    7 (   0 filtered)
Number of warnings :    0 (   0 filtered)
Number of infos    :    0 (   0 filtered)

